2020-07-30 16:45:04,407 - INFO - using device:cpu
2020-07-30 16:46:20,623 - INFO - using device:cpu
2020-07-30 16:46:22,872 - INFO - model config:
{
  "attn_pdrop": 0.1,
  "embd_pdrop": 0.1,
  "finetuning_task": null,
  "initializer_range": 0.02,
  "layer_norm_epsilon": 1e-05,
  "n_ctx": 300,
  "n_embd": 768,
  "n_head": 12,
  "n_layer": 10,
  "n_positions": 300,
  "num_labels": 1,
  "output_attentions": false,
  "output_hidden_states": false,
  "output_past": true,
  "pruned_heads": {},
  "resid_pdrop": 0.1,
  "summary_activation": null,
  "summary_first_dropout": 0.1,
  "summary_proj_to_labels": true,
  "summary_type": "cls_index",
  "summary_use_proj": true,
  "torchscript": false,
  "use_bfloat16": false,
  "vocab_size": 7590
}

2020-07-30 16:46:22,903 - INFO - tokenizing raw data,raw data path:data/train.txt, token output path:data/train_tokenized.txt
2020-07-30 16:46:23,215 - INFO - there are 500001 dialogue in raw dataset
2020-07-30 16:46:59,783 - INFO - finish preprocessing raw data,the result is stored in data/train_tokenized.txt
2020-07-30 16:46:59,822 - INFO - number of model parameters: 76939776
2020-07-30 16:46:59,822 - INFO - loading traing data
2020-07-30 16:47:00,432 - INFO - total training steps = 75000
2020-07-30 16:47:00,432 - INFO - starting training
2020-07-30 16:47:13,302 - INFO - batch 1 of epoch 1, loss 8.475777626037598, accuracy 0.0016025641234591603
2020-07-30 16:47:21,252 - INFO - batch 2 of epoch 1, loss 8.541900634765625, accuracy 0.0008012820617295802
